<?xml version="1.0" encoding="UTF-8"?>
<!-- Generated by org.testng.reporters.JUnitReportReporter -->
<testsuite skipped="0" hostname="DEL-FJSMWS2" name="com.guru99.qa.tests.Day1" tests="2" failures="0" timestamp="16 May 2019 10:26:50 GMT" time="23.822" errors="0">
  <testcase name="getPageTitle" time="7.971" classname="com.guru99.qa.tests.Day1"/>
  <testcase name="clickMobile" time="15.851" classname="com.guru99.qa.tests.Day1"/>
</testsuite> <!-- com.guru99.qa.tests.Day1 -->
