<?xml version="1.0" encoding="UTF-8"?>
<!-- Generated by org.testng.reporters.JUnitReportReporter -->
<testsuite skipped="0" hostname="DEL-FJSMWS2" name="com.guru99.qa.tests.test" tests="1" failures="0" timestamp="09 May 2019 09:06:45 GMT" time="1437.503" errors="0">
  <testcase name="medhod1" time="1437.503" classname="com.guru99.qa.tests.test"/>
</testsuite> <!-- com.guru99.qa.tests.test -->
