<?xml version="1.0" encoding="UTF-8"?>
<!-- Generated by org.testng.reporters.JUnitReportReporter -->
<testsuite skipped="0" hostname="DEL-FJSMWS2" name="com.guru99.qa.tests.Day5" tests="1" failures="0" timestamp="16 May 2019 10:26:50 GMT" time="17.957" errors="0">
  <testcase name="createAccount" time="17.957" classname="com.guru99.qa.tests.Day5"/>
</testsuite> <!-- com.guru99.qa.tests.Day5 -->
