<?xml version="1.0" encoding="UTF-8"?>
<!-- Generated by org.testng.reporters.JUnitReportReporter -->
<testsuite skipped="0" hostname="DEL-FJSMWS2" name="com.guru99.qa.tests.Day1" tests="2" failures="0" timestamp="17 May 2019 04:45:34 GMT" time="21.136" errors="0">
  <testcase name="getPageTitle" time="7.121" classname="com.guru99.qa.tests.Day1"/>
  <testcase name="clickMobile" time="14.015" classname="com.guru99.qa.tests.Day1"/>
</testsuite> <!-- com.guru99.qa.tests.Day1 -->
