<?xml version="1.0" encoding="UTF-8"?>
<!-- Generated by org.testng.reporters.JUnitReportReporter -->
<testsuite skipped="0" hostname="DEL-FJSMWS2" name="com.guru99.qa.tests.Day2" tests="1" failures="0" timestamp="17 May 2019 04:45:34 GMT" time="10.848" errors="0">
  <testcase name="SonyXperiaPriceMatchTest" time="10.848" classname="com.guru99.qa.tests.Day2"/>
</testsuite> <!-- com.guru99.qa.tests.Day2 -->
